<?xml version="1.0" encoding="UTF-8"?>
<testng-results ignored="0" total="1" passed="1" failed="0" skipped="0">
  <reporter-output>
  </reporter-output>
  <suite started-at="2022-08-24T18:09:30 IST" name="Default suite" finished-at="2022-08-24T18:09:33 IST" duration-ms="3333">
    <groups>
    </groups>
    <test started-at="2022-08-24T18:09:30 IST" name="Default test" finished-at="2022-08-24T18:09:33 IST" duration-ms="3333">
      <class name="Reports.ExtentReports.ExtentReportDemo">
        <test-method is-config="true" signature="config()[pri:0, instance:Reports.ExtentReports.ExtentReportDemo@60bd273d]" started-at="2022-08-24T18:09:30 IST" name="config" finished-at="2022-08-24T18:09:30 IST" duration-ms="193" status="PASS">
          <reporter-output>
          </reporter-output>
        </test-method> <!-- config -->
        <test-method signature="intialDemo()[pri:0, instance:Reports.ExtentReports.ExtentReportDemo@60bd273d]" started-at="2022-08-24T18:09:30 IST" name="intialDemo" finished-at="2022-08-24T18:09:33 IST" duration-ms="3109" status="PASS">
          <reporter-output>
          </reporter-output>
        </test-method> <!-- intialDemo -->
      </class> <!-- Reports.ExtentReports.ExtentReportDemo -->
    </test> <!-- Default test -->
  </suite> <!-- Default suite -->
</testng-results>
